<?xml version="1.0" encoding="UTF-8"?>
<testng-results skipped="0" failed="0" total="0" passed="0">
  <reporter-output>
  </reporter-output>
  <suite name="com.wrap.autosripts.util.TestUtil" duration-ms="1" started-at="2016-05-02T18:53:27Z" finished-at="2016-05-02T18:53:27Z">
    <groups>
    </groups>
    <test name="Command line test" duration-ms="1" started-at="2016-05-02T18:53:27Z" finished-at="2016-05-02T18:53:27Z">
    </test> <!-- Command line test -->
  </suite> <!-- com.wrap.autosripts.util.TestUtil -->
</testng-results>
